(1751639190.197433) can0 294#55005607482E04D3
(1751639190.200549) can0 12D#A02800220C318F49
(1751639190.247586) can0 294#55005607482E05D2
(1751639190.250532) can0 12D#A02800220C319F39
(1751639190.297765) can0 294#55005607482E06D1
(1751639190.300884) can0 12D#A02800220C31AF29
(1751639190.348894) can0 294#55005607482E07D0
(1751639190.351912) can0 12D#A02800220C31BF19
(1751639190.398792) can0 294#55005607482E08CF
(1751639190.401870) can0 12D#A02800220C31CF09
(1751639190.438800) can0 34F#00C0F718716DCFE0
(1751639190.448937) can0 294#55005607482E09CE
(1751639190.451856) can0 12D#A02800220C31DFF9
(1751639190.488892) can0 434#0000080089045218
(1751639190.499856) can0 294#55005607482E0ACD
(1751639190.502862) can0 12D#A02800220C31EFE9
(1751639190.549814) can0 294#55005607482E0BCC
(1751639190.552809) can0 12D#A02800220C31FFD9
(1751639190.599300) can0 294#55005607482E0CCB
(1751639190.603919) can0 12D#A02800220C310FC9
(1751639190.651030) can0 294#55005607482E0DCA
(1751639190.653965) can0 12D#A02800220C311FB9
(1751639190.700539) can0 294#55005607482E0EC9
(1751639190.705043) can0 12D#A02800220C312FA9
(1751639190.751033) can0 294#55005607482E0FC8
(1751639190.755047) can0 12D#A02800220C313F99
(1751639190.801772) can0 294#55005607482E00D7
(1751639190.805315) can0 12D#A02800220C314F89
(1751639190.853034) can0 294#55005607482E01D6
(1751639190.855546) can0 12D#A02800220C315F79
(1751639190.893036) can0 3D9#05D9DD00F0C0419E
(1751639190.903435) can0 294#55005607482E02D5
(1751639190.906106) can0 12D#A02800220C316F69
(1751639190.953207) can0 294#55005607482E03D4
(1751639190.957141) can0 12D#A02800220C317F59
(1751639191.003287) can0 294#55005607482E04D3
(1751639191.009099) can0 12D#A02800220C318F49
(1751639191.054370) can0 294#55005607482E05D2
(1751639191.059258) can0 12D#A02800220C319F39
(1751639191.104238) can0 294#55005607482E06D1
(1751639191.109056) can0 12D#A02800220C31AF29
(1751639191.156353) can0 294#55005607482E07D0
(1751639191.159141) can0 12D#A02800220C31BF19
(1751639191.205368) can0 294#55005607482E08CF
(1751639191.209195) can0 12D#A02800220C31CF09
(1751639191.256516) can0 294#55005607482E09CE
(1751639191.260064) can0 12D#A02800220C31DFF9
(1751639191.306257) can0 294#55005607482E0ACD
(1751639191.310399) can0 12D#A02800220C31EFE9
(1751639191.356544) can0 294#55005607482E0BCC
(1751639191.360235) can0 12D#A02800220C31FFD9
(1751639191.406464) can0 294#55005607482E0CCB
(1751639191.410454) can0 12D#A02800220C310FC9
(1751639191.439674) can0 34F#00C0F718716DCFE0
(1751639191.456648) can0 294#55005607482E0DCA
(1751639191.461559) can0 12D#A02800220C311FB9
(1751639191.490601) can0 434#0000080089046208
(1751639191.506389) can0 294#55005607482E0EC9
(1751639191.515369) can0 12D#A02800220C312FA9
(1751639191.556554) can0 294#55005607482E0FC8
(1751639191.565371) can0 12D#A02800220C313F99
(1751639191.608496) can0 294#55005607482E00D7
(1751639191.615750) can0 12D#A02800220C314F89
(1751639191.658630) can0 294#55005607482E01D6
(1751639191.665461) can0 12D#A02800220C315F79
(1751639191.708473) can0 294#55005607482E02D5
(1751639191.715819) can0 12D#A02800220C316F69
(1751639191.758841) can0 294#55005607482E03D4
(1751639191.766618) can0 12D#A02800220C317F59
(1751639191.808497) can0 294#55005607482E04D3
(1751639191.817514) can0 12D#A02800220C318F49
(1751639191.858725) can0 294#55005607482E05D2
(1751639191.867672) can0 12D#A02800220C319F39
(1751639191.889579) can0 3D9#05D9DD00F0C041AE
(1751639191.909692) can0 294#55005607482E06D1
(1751639191.918760) can0 12D#A02800220C31AF29
(1751639191.959527) can0 294#55005607482E07D0
(1751639191.968768) can0 12D#A02800220C31BF19
(1751639192.010561) can0 294#55005607482E08CF
(1751639192.018338) can0 12D#A02800220C31CF09
(1751639192.060496) can0 294#55005607482E09CE
(1751639192.069716) can0 12D#A02800220C31DFF9
(1751639192.111842) can0 294#55005607482E0ACD
(1751639192.120709) can0 12D#A02800220C31EFE9
(1751639192.162583) can0 294#55005607482E0BCC
(1751639192.171877) can0 12D#A02800220C31FFD9
(1751639192.212893) can0 294#55005607482E0CCB
(1751639192.221735) can0 12D#A02800220C310FC9
(1751639192.264488) can0 294#55005607482E0DCA
(1751639192.272853) can0 12D#A02800220C311FB9
(1751639192.317773) can0 294#55005607482E0EC9
(1751639192.323817) can0 12D#A02800220C312FA9
(1751639192.365786) can0 294#55005607482E0FC8
(1751639192.374746) can0 12D#A02800220C313F99
(1751639192.418651) can0 294#55005607482E00D7
(1751639192.425964) can0 12D#A02800220C314F89
(1751639192.439655) can0 34F#00C0F718716DCFE0
(1751639192.468858) can0 294#55005607482E01D6
(1751639192.475748) can0 12D#A02800220C315F79
(1751639192.490841) can0 434#00000800890472F8
(1751639192.519858) can0 294#55005607482E02D5
(1751639192.525793) can0 12D#A02800220C316F69
(1751639192.569825) can0 294#55005607482E03D4
(1751639192.575991) can0 12D#A02800220C317F59
(1751639192.620912) can0 294#55005607482E04D3
(1751639192.625899) can0 12D#A02800220C318F49
(1751639192.670959) can0 294#55005607482E05D2
(1751639192.678032) can0 12D#A02800220C319F39
(1751639192.720996) can0 294#55005607482E06D1
(1751639192.727995) can0 12D#A02800220C31AF29
(1751639192.771324) can0 294#55005607482E07D0
(1751639192.777798) can0 12D#A02800220C31BF19
(1751639192.822745) can0 294#55005607482E08CF
(1751639192.828754) can0 12D#A02800220C31CF09
(1751639192.872769) can0 294#55005607482E09CE
(1751639192.879705) can0 12D#A02800220C31DFF9
(1751639192.893766) can0 3D9#05D9DD00F0C041BE
(1751639192.924793) can0 294#55005607482E0ACD
(1751639192.930685) can0 12D#A02800220C31EFE9
(1751639192.974894) can0 294#55005607482E0BCC
(1751639192.981757) can0 12D#A02800220C31FFD9
(1751639193.024654) can0 294#55005607482E0CCB
(1751639193.031554) can0 12D#A02800220C310FC9
(1751639193.075763) can0 294#55005607482E0DCA
(1751639193.081606) can0 12D#A02800220C311FB9
(1751639193.125806) can0 294#55005607482E0EC9
(1751639193.133726) can0 12D#A02800220C312FA9
(1751639193.175921) can0 294#55005607482E0FC8
(1751639193.183705) can0 12D#A02800220C313F99
(1751639193.226139) can0 294#55005607482E00D7
(1751639193.234003) can0 12D#A02800220C314F89
(1751639193.276234) can0 294#55005607482E01D6
(1751639193.284659) can0 12D#A02800220C315F79
(1751639193.327133) can0 294#55005607482E02D5
(1751639193.334094) can0 12D#A02800220C316F69
(1751639193.377097) can0 294#55005607482E03D4
(1751639193.384345) can0 12D#A02800220C317F59
(1751639193.427238) can0 294#55005607482E04D3
(1751639193.434075) can0 12D#A02800220C318F49
(1751639193.438993) can0 34F#00C0F718716DCFE0
(1751639193.477132) can0 294#55005607482E05D2
(1751639193.484089) can0 12D#A02800220C319F39
(1751639193.492934) can0 434#00000800890482E8
(1751639193.529171) can0 294#55005607482E06D1
(1751639193.534607) can0 12D#A02800220C31AF29
(1751639193.579191) can0 294#55005607482E07D0
(1751639193.585666) can0 12D#A02800220C31BF19
(1751639193.630254) can0 294#55005607482E08CF
(1751639193.635622) can0 12D#A02800220C31CF09
(1751639193.680257) can0 294#55005607482E09CE
(1751639193.687673) can0 12D#A02800220C31DFF9
(1751639193.733662) can0 294#55005607482E0ACD
(1751639193.741368) can0 12D#A02800220C31EFE9
(1751639193.783323) can0 294#55005607482E0BCC
(1751639193.791275) can0 12D#A02800220C31FFD9
(1751639193.834781) can0 294#55005607482E0CCB
(1751639193.842317) can0 12D#A02800220C310FC9
(1751639193.885468) can0 294#55005607482E0DCA
(1751639193.889419) can0 3D9#05D9DD00F0C041CE
(1751639193.892326) can0 12D#A02800220C311FB9
(1751639193.935306) can0 294#55005607482E0EC9
(1751639193.943275) can0 12D#A02800220C312FA9
(1751639193.987526) can0 294#55005607482E0FC8
(1751639193.993298) can0 12D#A02800220C313F99
(1751639194.038294) can0 294#55005607482E00D7
(1751639194.045271) can0 12D#A02800220C314F89
(1751639194.090505) can0 294#55005607482E01D6
(1751639194.096063) can0 12D#A02800220C315F79
(1751639194.140680) can0 294#55005607482E02D5
(1751639194.147497) can0 12D#A02800220C316F69
(1751639194.190359) can0 294#55005607482E03D4
(1751639194.198296) can0 12D#A02800220C317F59
(1751639194.241278) can0 294#55005607482E04D3
(1751639194.248439) can0 12D#A02800220C318F49
(1751639194.293631) can0 294#55005607482E05D2
(1751639194.299546) can0 12D#A02800220C319F39
(1751639194.343527) can0 294#55005607482E06D1
(1751639194.351569) can0 12D#A02800220C31AF29
(1751639194.393717) can0 294#55005607482E07D0
(1751639194.402631) can0 12D#A02800220C31BF19
(1751639194.439354) can0 34F#00C0F718716DCFE0
(1751639194.443451) can0 294#55005607482E08CF
(1751639194.452674) can0 12D#A02800220C31CF09
(1751639194.493861) can0 294#55005607482E09CE
(1751639194.495465) can0 434#00000800890492D8
(1751639194.502799) can0 12D#A02800220C31DFF9
(1751639194.545398) can0 294#55005607482E0ACD
(1751639194.553679) can0 12D#A02800220C31EFE9
(1751639194.596537) can0 294#55005607482E0BCC
(1751639194.603797) can0 12D#A02800220C31FFD9
(1751639194.647957) can0 294#55005607482E0CCB
(1751639194.654857) can0 12D#A02800220C310FC9
(1751639194.697692) can0 294#55005607482E0DCA
(1751639194.704734) can0 12D#A02800220C311FB9
(1751639194.748594) can0 294#55005607482E0EC9
(1751639194.755670) can0 12D#A02800220C312FA9
(1751639194.798456) can0 294#55005607482E0FC8
(1751639194.805694) can0 12D#A02800220C313F99
(1751639194.848820) can0 294#55005607482E00D7
(1751639194.855741) can0 12D#A02800220C314F89
(1751639194.895678) can0 3D9#05D9DD00F0C041DE
(1751639194.899844) can0 294#55005607482E01D6
(1751639194.905637) can0 12D#A02800220C315F79
(1751639194.949747) can0 294#55005607482E02D5
(1751639194.956690) can0 12D#A02800220C316F69
(1751639194.999721) can0 294#55005607482E03D4
(1751639195.006675) can0 12D#A02800220C317F59
(1751639195.049628) can0 294#55005607482E04D3
(1751639195.057532) can0 12D#A02800220C318F49
(1751639195.099690) can0 294#55005607482E05D2
(1751639195.107753) can0 12D#A02800220C319F39
(1751639195.149621) can0 294#55005607482E06D1
(1751639195.158978) can0 12D#A02800220C31AF29
(1751639195.199768) can0 294#55005607482E07D0
(1751639195.208893) can0 12D#A02800220C31BF19
(1751639195.250808) can0 294#55005607482E08CF
(1751639195.259743) can0 12D#A02800220C31CF09
(1751639195.300753) can0 294#55005607482E09CE
(1751639195.309663) can0 12D#A02800220C31DFF9
(1751639195.352738) can0 294#55005607482E0ACD
(1751639195.360642) can0 12D#A02800220C31EFE9
(1751639195.401744) can0 294#55005607482E0BCC
(1751639195.410628) can0 12D#A02800220C31FFD9
(1751639195.438772) can0 34F#00C0F718716DCFE0
(1751639195.452618) can0 294#55005607482E0CCB
(1751639195.461799) can0 12D#A02800220C310FC9
(1751639195.495700) can0 434#000008008904A2C8
(1751639195.502758) can0 294#55005607482E0DCA
(1751639195.511698) can0 12D#A02800220C311FB9
(1751639195.538728) can0 34F#00C0F318716DCFE0
(1751639195.552681) can0 294#55005607482E0EC9
(1751639195.561668) can0 12D#A02800220C312FA9
(1751639195.602530) can0 294#55005607482E0FC8
(1751639195.613694) can0 12D#A02800220C313F99
(1751639195.638516) can0 34F#00C0F318716DCFE0
(1751639195.653570) can0 294#55005607482E00D7
(1751639195.663534) can0 12D#A02800220C314F89
(1751639195.704720) can0 294#55005607482E01D6
(1751639195.715107) can0 12D#A02800220C315F79
(1751639195.738918) can0 34F#00C0F318716DCFE0
(1751639195.756029) can0 294#55005607482E02D5
(1751639195.766204) can0 12D#A02800220C316F69
(1751639195.807128) can0 294#55005607482E03D4
(1751639195.818033) can0 12D#A02800220C317F59
(1751639195.858941) can0 294#55005607482E04D3
(1751639195.867137) can0 12D#A02800220C318F49
(1751639195.897112) can0 3D9#05D9DD00F0C041EE
(1751639195.908867) can0 294#55005607482E05D2
(1751639195.918145) can0 12D#A02800220C319F39
(1751639195.959015) can0 294#55005607482E06D1
(1751639195.968034) can0 12D#A02800220C31AF29
(1751639196.010085) can0 294#55005607482E07D0
(1751639196.018894) can0 12D#A02800220C31BF19
(1751639196.062106) can0 294#55005607482E08CF
(1751639196.069939) can0 12D#A02800220C31CF09
(1751639196.112273) can0 294#55005607482E09CE
(1751639196.119959) can0 12D#A02800220C31DFF9
(1751639196.162352) can0 294#55005607482E0ACD
(1751639196.171214) can0 12D#A02800220C31EFE9
(1751639196.212231) can0 294#55005607482E0BCC
(1751639196.220965) can0 12D#A02800220C31FFD9
(1751639196.261593) can0 294#55005607482E0CCB
(1751639196.272311) can0 12D#A02800220C310FC9
(1751639196.313094) can0 294#55005607482E0DCA
(1751639196.322570) can0 12D#A02800220C311FB9
(1751639196.363916) can0 294#55005607482E0EC9
(1751639196.373113) can0 12D#A02800220C312FA9
(1751639196.413115) can0 294#55005607482E0FC8
(1751639196.423150) can0 12D#A02800220C313F99
(1751639196.464279) can0 294#55005607482E00D7
(1751639196.473050) can0 12D#A02800220C314F89
(1751639196.501466) can0 434#000008008904B2B8
(1751639196.514214) can0 294#55005607482E01D6
(1751639196.523152) can0 12D#A02800220C315F79
(1751639196.564010) can0 294#55005607482E02D5
(1751639196.573181) can0 12D#A02800220C316F69
(1751639196.616347) can0 294#55005607482E03D4
(1751639196.625302) can0 12D#A02800220C317F59
(1751639196.665211) can0 294#55005607482E04D3
(1751639196.675479) can0 12D#A02800220C318F49
(1751639196.716221) can0 294#55005607482E05D2
(1751639196.726230) can0 12D#A02800220C319F39
(1751639196.739032) can0 34F#00C0F318716DCFE0
(1751639196.765048) can0 294#55005607482E06D1
(1751639196.776265) can0 12D#A02800220C31AF29
(1751639196.817139) can0 294#55005607482E07D0
(1751639196.826251) can0 12D#A02800220C31BF19
(1751639196.868343) can0 294#55005607482E08CF
(1751639196.876701) can0 12D#A02800220C31CF09
(1751639196.895328) can0 3D9#05D9DD00F0C041FE
(1751639196.919167) can0 294#55005607482E09CE
(1751639196.927412) can0 12D#A02800220C31DFF9
(1751639196.968441) can0 294#55005607482E0ACD
(1751639196.977708) can0 12D#A02800220C31EFE9
(1751639197.019175) can0 294#55005607482E0BCC
(1751639197.027323) can0 12D#A02800220C31FFD9
(1751639197.070413) can0 294#55005607482E0CCB
(1751639197.078586) can0 12D#A02800220C310FC9
(1751639197.121751) can0 294#55005607482E0DCA
(1751639197.128647) can0 12D#A02800220C311FB9
(1751639197.171795) can0 294#55005607482E0EC9
(1751639197.179542) can0 12D#A02800220C312FA9
(1751639197.221739) can0 294#55005607482E0FC8
(1751639197.229556) can0 12D#A02800220C313F99
(1751639197.272602) can0 294#55005607482E00D7
(1751639197.280394) can0 12D#A02800220C314F89
(1751639197.323743) can0 294#55005607482E01D6
(1751639197.332661) can0 12D#A02800220C315F79
(1751639197.372214) can0 294#55005607482E02D5
(1751639197.382429) can0 12D#A02800220C316F69
(1751639197.423421) can0 294#55005607482E03D4
(1751639197.432573) can0 12D#A02800220C317F59
(1751639197.472771) can0 294#55005607482E04D3
(1751639197.482728) can0 12D#A02800220C318F49
(1751639197.501687) can0 434#000008008904C2A8
(1751639197.525556) can0 294#55005607482E05D2
(1751639197.533694) can0 12D#A02800220C319F39
(1751639197.576934) can0 294#55005607482E06D1
(1751639197.583538) can0 12D#A02800220C31AF29
(1751639197.627945) can0 294#55005607482E07D0
(1751639197.634913) can0 12D#A02800220C31BF19
(1751639197.680565) can0 294#55005607482E08CF
(1751639197.684471) can0 12D#A02800220C31CF09
(1751639197.719659) can0 34F#00C0FB18716DCFE0
(1751639197.730576) can0 294#55005607482E09CE
(1751639197.734678) can0 12D#A02800220C31DFF9
(1751639197.780489) can0 294#55005607482E0ACD
(1751639197.784591) can0 12D#A02800220C31EFE9
(1751639197.818235) can0 34F#00C0FB18716DCFE0
(1751639197.830358) can0 294#55005603482E0BD0
(1751639197.835268) can0 12D#A02800220C31FFD9
(1751639197.881154) can0 294#55005603482E0CCF
(1751639197.885114) can0 12D#A02800220C310FC9
(1751639197.892227) can0 3D9#05D9DD00F0C0410E
(1751639197.919230) can0 34F#00C0FB18716DCFE0
(1751639197.931434) can0 294#55005603482E0DCE
(1751639197.935365) can0 12D#A02800220C311FB9
(1751639197.981410) can0 294#55005603482E0ECD
(1751639197.985318) can0 12D#A02800220C312FA9
(1751639198.031400) can0 294#55005603482E0FCC
(1751639198.036308) can0 12D#A02800220C313F99
(1751639198.081777) can0 294#55005603482E00DB
(1751639198.087942) can0 12D#A02800220C314F89
(1751639198.132158) can0 294#55005603482E01DA
(1751639198.138746) can0 12D#A02800220C315F79
(1751639198.182835) can0 294#55005603482E02D9
(1751639198.188916) can0 12D#A02800220C316F69
(1751639198.233109) can0 294#55005603482E03D8
(1751639198.238885) can0 12D#A02800220C317F59
(1751639198.283929) can0 294#55005603482E04D7
(1751639198.288947) can0 12D#A02800220C318F49
(1751639198.334369) can0 294#55005603482E05D6
(1751639198.339726) can0 12D#A02800220C319F39
(1751639198.384478) can0 294#55005603482E06D5
(1751639198.389934) can0 12D#A02800220C31AF29
(1751639198.436172) can0 294#55005603482E07D4
(1751639198.442187) can0 12D#A02800220C31BF19
(1751639198.485073) can0 294#55005603482E08D3
(1751639198.491890) can0 12D#A02800220C31CF09
(1751639198.507984) can0 434#000008008904D298
(1751639198.519010) can0 34F#00C0F318716DCFE0
(1751639198.535115) can0 294#55005603482E09D2
(1751639198.541828) can0 12D#A02800220C31DFF9
(1751639198.584939) can0 294#55005603482E0AD1
(1751639198.591903) can0 12D#A02800220C31EFE9
(1751639198.619146) can0 34F#00C0F318716DCFE0
(1751639198.635022) can0 294#55005603482E0BD0
(1751639198.643469) can0 12D#A02800220C31FFD9
(1751639198.685316) can0 294#55005607482E0CCB
(1751639198.693478) can0 12D#A02800220C310FC9
(1751639198.719007) can0 34F#00C0F318716DCFE0
(1751639198.735156) can0 294#55005607482E0DCA
(1751639198.744079) can0 12D#A02800220C311FB9
(1751639198.787076) can0 294#55005607482E0EC9
(1751639198.794018) can0 12D#A02800220C312FA9
(1751639198.837305) can0 294#55005607482E0FC8
(1751639198.844226) can0 12D#A02800220C313F99
(1751639198.887340) can0 294#55005607482E00D7
(1751639198.895163) can0 12D#A02800220C314F89
(1751639198.898215) can0 3D9#05D9DD00F0C0411E
(1751639198.937059) can0 294#55005607482E01D6
(1751639198.945070) can0 12D#A02800220C315F79
(1751639198.987064) can0 294#55005607482E02D5
(1751639198.995205) can0 12D#A02800220C316F69
(1751639199.037948) can0 294#55005607482E03D4
(1751639199.045002) can0 12D#A02800220C317F59
(1751639199.088097) can0 294#55005607482E04D3
(1751639199.096327) can0 12D#A02800220C318F49
(1751639199.138972) can0 294#55005607482E05D2
(1751639199.146172) can0 12D#A02800220C319F39
(1751639199.189029) can0 294#55005607482E06D1
(1751639199.196130) can0 12D#A02800220C31AF29
(1751639199.239021) can0 294#55005607482E07D0
(1751639199.246124) can0 12D#A02800220C31BF19
(1751639199.288995) can0 294#55005607482E08CF
(1751639199.296262) can0 12D#A02800220C31CF09
(1751639199.339061) can0 294#55005607482E09CE
(1751639199.346208) can0 12D#A02800220C31DFF9
(1751639199.389141) can0 294#55005607482E0ACD
(1751639199.396289) can0 12D#A02800220C31EFE9
(1751639199.439103) can0 294#55005607482E0BCC
(1751639199.446219) can0 12D#A02800220C31FFD9
(1751639199.489125) can0 294#55005607482E0CCB
(1751639199.496269) can0 12D#A02800220C310FC9
(1751639199.512143) can0 434#000008008904E288
(1751639199.539236) can0 294#55005607482E0DCA
(1751639199.547235) can0 12D#A02800220C311FB9
(1751639199.589282) can0 294#55005607482E0EC9
(1751639199.598089) can0 12D#A02800220C312FA9
(1751639199.640800) can0 294#55005607482E0FC8
(1751639199.650137) can0 12D#A02800220C313F99
(1751639199.690342) can0 294#55005607482E00D7
(1751639199.700171) can0 12D#A02800220C314F89
(1751639199.719335) can0 34F#00C0F318716DCFE0
(1751639199.741274) can0 294#55005607482E01D6
(1751639199.752385) can0 12D#A02800220C315F79
(1751639199.791776) can0 294#55005607482E02D5
(1751639199.803381) can0 12D#A02800220C316F69
(1751639199.841384) can0 294#55005607482E03D4
(1751639199.853689) can0 12D#A02800220C317F59
(1751639199.891756) can0 294#55005607482E04D3
(1751639199.897614) can0 3D9#05D9DD00F0C0412E
(1751639199.903462) can0 12D#A02800220C318F49
(1751639199.941476) can0 294#55005607482E05D2
(1751639199.953527) can0 12D#A02800220C319F39
(1751639199.991387) can0 294#55005607482E06D1
(1751639200.003228) can0 12D#A02800220C31AF29
(1751639200.041437) can0 294#55005607482E07D0
(1751639200.053189) can0 12D#A02800220C31BF19
(1751639200.091525) can0 294#55005607482E08CF
(1751639200.103385) can0 12D#A02800220C31CF09
(1751639200.142968) can0 294#55005607482E09CE
(1751639200.152905) can0 12D#A02800220C31DFF9
(1751639200.192059) can0 294#55005607482E0ACD
(1751639200.202934) can0 12D#A02800220C31EFE9
(1751639200.241993) can0 294#55005607482E0BCC
(1751639200.252926) can0 12D#A02800220C31FFD9
(1751639200.296119) can0 294#55005607482E0CCB
(1751639200.303268) can0 12D#A02800220C310FC9
(1751639200.346691) can0 294#55005607482E0DCA
(1751639200.353522) can0 12D#A02800220C311FB9
(1751639200.397944) can0 294#55005607482E0EC9
(1751639200.404620) can0 12D#A02800220C312FA9
(1751639200.448050) can0 294#55005607482E0FC8
(1751639200.454929) can0 12D#A02800220C313F99
(1751639200.498005) can0 294#55005607482E00D7
(1751639200.504273) can0 12D#A02800220C314F89
(1751639200.515033) can0 434#000008008904F278
(1751639200.547591) can0 294#55005607482E01D6
(1751639200.554924) can0 12D#A02800220C315F79
(1751639200.598796) can0 294#55005607482E02D5
(1751639200.605643) can0 12D#A02800220C316F69
(1751639200.648911) can0 294#55005607482E03D4
(1751639200.655821) can0 12D#A02800220C317F59
(1751639200.698740) can0 294#55005607482E04D3
(1751639200.705719) can0 12D#A02800220C318F49
(1751639200.719541) can0 34F#00C0F318716DCFE0
(1751639200.750844) can0 294#55005607482E05D2
(1751639200.761744) can0 12D#A02800220C319F39
(1751639200.800542) can0 294#55005607482E06D1
(1751639200.811792) can0 12D#A02800220C31AF29
(1751639200.856285) can0 294#55005607482E07D0
(1751639200.862445) can0 12D#A02800220C31BF19
(1751639200.903689) can0 3D9#05D9DD00F0C0413E
(1751639200.904492) can0 294#55005607482E08CF
(1751639200.913581) can0 12D#A02800220C31CF09
(1751639200.954683) can0 294#55005607482E09CE
(1751639200.963580) can0 12D#A02800220C31DFF9
(1751639201.004869) can0 294#55005607482E0ACD
(1751639201.016144) can0 12D#A02800220C31EFE9
(1751639201.054971) can0 294#55005607482E0BCC
(1751639201.065830) can0 12D#A02800220C31FFD9
(1751639201.106085) can0 294#55005607482E0CCB
(1751639201.117686) can0 12D#A02800220C310FC9
(1751639201.157674) can0 294#55005607482E0DCA
(1751639201.167182) can0 12D#A02800220C311FB9
(1751639201.207066) can0 294#55005607482E0EC9
(1751639201.218475) can0 12D#A02800220C312FA9
(1751639201.258120) can0 294#55005607482E0FC8
(1751639201.267966) can0 12D#A02800220C313F99
(1751639201.308343) can0 294#55005607482E00D7
(1751639201.318250) can0 12D#A02800220C314F89
(1751639201.357915) can0 294#55005607482E01D6
(1751639201.368093) can0 12D#A02800220C315F79
(1751639201.408007) can0 294#55005607482E02D5
(1751639201.418245) can0 12D#A02800220C316F69
(1751639201.457897) can0 294#55005607482E03D4
(1751639201.469027) can0 12D#A02800220C317F59
(1751639201.508055) can0 294#55005607482E04D3
(1751639201.515009) can0 434#0000080089040268
(1751639201.519879) can0 12D#A02800220C318F49
(1751639201.558979) can0 294#55005607482E05D2
(1751639201.569957) can0 12D#A02800220C319F39
(1751639201.610301) can0 294#55005607482E06D1
(1751639201.622819) can0 12D#A02800220C31AF29
(1751639201.661025) can0 294#55005607482E07D0
(1751639201.675177) can0 12D#A02800220C31BF19
(1751639201.711159) can0 294#55005607482E08CF
(1751639201.720033) can0 34F#00C0F318716DCFE0
(1751639201.725053) can0 12D#A02800220C31CF09
(1751639201.763891) can0 294#55005607482E09CE
(1751639201.776329) can0 12D#A02800220C31DFF9
(1751639201.813859) can0 294#55005607482E0ACD
(1751639201.826508) can0 12D#A02800220C31EFE9
(1751639201.864122) can0 294#55005607482E0BCC
(1751639201.878191) can0 12D#A02800220C31FFD9
(1751639201.908075) can0 3D9#05D9DD00F0C0414E
(1751639201.916534) can0 294#55005607482E0CCB
(1751639201.928982) can0 12D#A02800220C310FC9
(1751639201.966280) can0 294#55005607482E0DCA
(1751639201.979158) can0 12D#A02800220C311FB9
(1751639202.017649) can0 294#55005607482E0EC9
(1751639202.029066) can0 12D#A02800220C312FA9
(1751639202.068293) can0 294#55005607482E0FC8
(1751639202.079899) can0 12D#A02800220C313F99
(1751639202.120357) can0 294#55005607482E00D7
(1751639202.130152) can0 12D#A02800220C314F89
(1751639202.169251) can0 294#55005607482E01D6
(1751639202.179925) can0 12D#A02800220C315F79
(1751639202.219880) can0 294#55005607482E02D5
(1751639202.230926) can0 12D#A02800220C316F69
(1751639202.271326) can0 294#55005607482E03D4
(1751639202.281416) can0 12D#A02800220C317F59
(1751639202.321380) can0 294#55005607482E04D3
(1751639202.331438) can0 12D#A02800220C318F49
(1751639202.371361) can0 294#55005607482E05D2
(1751639202.382105) can0 12D#A02800220C319F39
(1751639202.424050) can0 294#55005607482E06D1
(1751639202.432020) can0 12D#A02800220C31AF29
(1751639202.474114) can0 294#55005607482E07D0
(1751639202.481736) can0 12D#A02800220C31BF19
(1751639202.514851) can0 434#0000080089041258
(1751639202.527795) can0 294#55005607482E08CF
(1751639202.531758) can0 12D#A02800220C31CF09
(1751639202.579917) can0 294#55005607482E09CE
(1751639202.583102) can0 12D#A02800220C31DFF9
(1751639202.619225) can0 34F#00C0FB18716DCFE0
(1751639202.630404) can0 294#55005607482E0ACD
(1751639202.633198) can0 12D#A02800220C31EFE9
(1751639202.682578) can0 294#55005607482E0BCC
(1751639202.685305) can0 12D#A02800220C31FFD9
(1751639202.720494) can0 34F#00C0FB18716DCFE0
(1751639202.732592) can0 294#55005603482E0CCF
(1751639202.735476) can0 12D#A02800220C310FC9
(1751639202.782354) can0 294#55005603482E0DCE
(1751639202.785751) can0 12D#A02800220C311FB9
(1751639202.820427) can0 34F#00C0FB18716DCFE0
(1751639202.835544) can0 294#55005603482E0ECD
(1751639202.838328) can0 12D#A02800220C312FA9
(1751639202.885423) can0 294#55005603482E0FCC
(1751639202.889390) can0 12D#A02800220C313F99
(1751639202.907689) can0 3D9#05D9DD00F0C0415E
(1751639202.936720) can0 294#55005603482E00DB
(1751639202.939664) can0 12D#A02800220C314F89
(1751639202.986487) can0 294#55005603482E01DA
(1751639202.989893) can0 12D#A02800220C315F79
(1751639203.036326) can0 294#55005603482E02D9
(1751639203.039425) can0 12D#A02800220C316F69
(1751639203.086652) can0 294#55005603482E03D8
(1751639203.089510) can0 12D#A02800220C317F59
(1751639203.137518) can0 294#55005603482E04D7
(1751639203.140930) can0 12D#A02800220C318F49
(1751639203.188587) can0 294#55005603482E05D6
(1751639203.191891) can0 12D#A02800220C319F39
(1751639203.238550) can0 294#55005603482E06D5
(1751639203.241905) can0 12D#A02800220C31AF29
(1751639203.289467) can0 294#55005603482E07D4
(1751639203.292549) can0 12D#A02800220C31BF19
(1751639203.339933) can0 294#55005603482E08D3
(1751639203.342910) can0 12D#A02800220C31CF09
(1751639203.389594) can0 294#55005603482E09D2
(1751639203.392827) can0 12D#A02800220C31DFF9
(1751639203.439801) can0 294#55005603482E0AD1
(1751639203.442654) can0 12D#A02800220C31EFE9
(1751639203.459797) can0 34F#00C0F318716DCFE0
(1751639203.490764) can0 294#55005603482E0BD0
(1751639203.493656) can0 12D#A02800220C31FFD9
(1751639203.516082) can0 434#0000080089042248
(1751639203.541950) can0 294#55005603482E0CCF
(1751639203.544668) can0 12D#A02800220C310FC9
(1751639203.558611) can0 34F#00C0F318716DCFE0
(1751639203.592781) can0 294#5500560B482E0DC6
(1751639203.596801) can0 12D#A02800220C311FB9
(1751639203.642992) can0 294#5500560B482E0EC5
(1751639203.646925) can0 12D#A02800220C312FA9
(1751639203.659099) can0 34F#00C0F318716DCFE0
(1751639203.692809) can0 294#5500560B482E0FC4
(1751639203.698094) can0 12D#A02800220C313F99
(1751639203.743621) can0 294#55005607482E00D7
(1751639203.749099) can0 12D#A02800220C314F89
(1751639203.793741) can0 294#55005607482E01D6
(1751639203.799848) can0 12D#A02800220C315F79
(1751639203.844815) can0 294#55005607482E02D5
(1751639203.851529) can0 12D#A02800220C316F69
(1751639203.895791) can0 294#55005607482E03D4
(1751639203.899870) can0 12D#A02800220C317F59
(1751639203.900596) can0 3D9#05D9DD00F0C0416E
(1751639203.948157) can0 294#5500560B482E04CF
(1751639203.951923) can0 12D#A02800220C318F49
(1751639203.998123) can0 294#5500560B482E05CE
(1751639204.001961) can0 12D#A02800220C319F39
(1751639204.038762) can0 34F#00C0FB18716DCFE0
(1751639204.049626) can0 294#5500560B482E06CD
(1751639204.052763) can0 12D#A02800220C31AF29
(1751639204.099746) can0 294#5500560B482E07CC
(1751639204.103135) can0 12D#A02800220C31BF19
(1751639204.139158) can0 34F#00C0FB18716DCFE0
(1751639204.152085) can0 294#55005603482E08D3
(1751639204.156260) can0 12D#A02800220C31CF09
(1751639204.202096) can0 294#55005603482E09D2
(1751639204.206049) can0 12D#A02800220C31DFF9
(1751639204.239030) can0 34F#00C0FB18716DCFE0
(1751639204.253320) can0 294#55005603482E0AD1
(1751639204.256390) can0 12D#A02800220C31EFE9
(1751639204.301950) can0 294#55005603482E0BD0
(1751639204.305836) can0 12D#A02800220C31FFD9
(1751639204.353308) can0 294#55005603482E0CCF
(1751639204.356165) can0 12D#A02800220C310FC9
(1751639204.402937) can0 294#55005603482E0DCE
(1751639204.405941) can0 12D#A02800220C311FB9
(1751639204.454450) can0 294#55005603482E0ECD
(1751639204.457354) can0 12D#A02800220C312FA9
(1751639204.504057) can0 294#55005603482E0FCC
(1751639204.507251) can0 12D#A02800220C313F99
(1751639204.521052) can0 434#0000080089043238
(1751639204.556256) can0 294#55005603482E00DB
(1751639204.558781) can0 12D#A02800220C314F89
(1751639204.606147) can0 294#55005603482E01DA
(1751639204.609012) can0 12D#A02800220C315F79
(1751639204.659032) can0 294#55005603482E02D9
(1751639204.662912) can0 12D#A02800220C316F69
(1751639204.709214) can0 294#55005603482E03D8
(1751639204.709334) can0 34F#00C0F318716DCFE0
(1751639204.712053) can0 12D#A02800220C317F59
(1751639204.759007) can0 294#55005603482E04D7
(1751639204.763007) can0 12D#A02800220C318F49
(1751639204.809103) can0 34F#00C0F318716DCFE0
(1751639204.809201) can0 294#55005603482E05D6
(1751639204.811910) can0 12D#A02800220C319F39
(1751639204.858715) can0 294#55005603482E06D5
(1751639204.862731) can0 12D#A02800220C31AF29
(1751639204.908780) can0 34F#00C0F318716DCFE0
(1751639204.908851) can0 294#55005607482E07D0
(1751639204.910785) can0 3D9#05D9DD00F0C0417E
(1751639204.913749) can0 12D#A02800220C31BF19
(1751639204.960898) can0 294#55005607482E08CF
(1751639204.963727) can0 12D#A02800220C31CF09
(1751639205.012483) can0 294#55005607482E09CE
(1751639205.015327) can0 12D#A02800220C31DFF9
(1751639205.062204) can0 294#55005607482E0ACD
(1751639205.065112) can0 12D#A02800220C31EFE9
(1751639205.113156) can0 294#55005607482E0BCC
(1751639205.116127) can0 12D#A02800220C31FFD9
(1751639205.163276) can0 294#55005607482E0CCB
(1751639205.166259) can0 12D#A02800220C310FC9
(1751639205.214944) can0 294#55005607482E0DCA
(1751639205.217733) can0 12D#A02800220C311FB9
(1751639205.264375) can0 294#55005607482E0EC9
(1751639205.267440) can0 12D#A02800220C312FA9
(1751639205.316004) can0 294#55005607482E0FC8
(1751639205.318764) can0 12D#A02800220C313F99
(1751639205.365827) can0 294#55005607482E00D7
(1751639205.368564) can0 12D#A02800220C314F89
(1751639205.417947) can0 294#55005607482E01D6
(1751639205.420631) can0 12D#A02800220C315F79
(1751639205.467759) can0 294#55005607482E02D5
(1751639205.470575) can0 12D#A02800220C316F69
(1751639205.517661) can0 294#55005607482E03D4
(1751639205.520334) can0 12D#A02800220C317F59
(1751639205.523597) can0 434#0000080089044228
(1751639205.567739) can0 294#55005607482E04D3
(1751639205.570740) can0 12D#A02800220C318F49
(1751639205.619104) can0 294#55005607482E05D2
(1751639205.621480) can0 12D#A02800220C319F39
(1751639205.668412) can0 294#55005607482E06D1
(1751639205.671464) can0 12D#A02800220C31AF29
(1751639205.720725) can0 294#55005607482E07D0
(1751639205.723564) can0 12D#A02800220C31BF19
(1751639205.771616) can0 294#55005607482E08CF
(1751639205.774533) can0 12D#A02800220C31CF09
(1751639205.821463) can0 294#55005607482E09CE
(1751639205.824649) can0 12D#A02800220C31DFF9
(1751639205.871967) can0 294#55005607482E0ACD
(1751639205.874650) can0 12D#A02800220C31EFE9
(1751639205.909503) can0 34F#00C0F318716DCFE0
(1751639205.913632) can0 3D9#05D9DD00F0C0418E
(1751639205.921585) can0 294#55005607482E0BCC
(1751639205.924986) can0 12D#A02800220C31FFD9
(1751639205.959513) can0 34F#00C0FB18716DCFE0
(1751639205.971762) can0 294#55005607482E0CCB
(1751639205.974621) can0 12D#A02800220C310FC9
(1751639206.021912) can0 294#55005603482E0DCE
(1751639206.024463) can0 12D#A02800220C311FB9
(1751639206.059684) can0 34F#00C0FB18716DCFE0
(1751639206.073613) can0 294#55005603482E0ECD
(1751639206.077088) can0 12D#A02800220C312FA9
(1751639206.124598) can0 294#55005603482E0FCC
(1751639206.126629) can0 12D#A02800220C313F99
(1751639206.159620) can0 34F#00C0FB18716DCFE0
(1751639206.175128) can0 294#55005603482E00DB
(1751639206.177915) can0 12D#A02800220C314F89
(1751639206.225261) can0 294#55005603482E01DA
(1751639206.227604) can0 12D#A02800220C315F79
(1751639206.276800) can0 294#55005603482E02D9
(1751639206.279833) can0 12D#A02800220C316F69
(1751639206.326856) can0 294#55005603482E03D8
(1751639206.329534) can0 12D#A02800220C317F59
(1751639206.377832) can0 294#55005603482E04D7
(1751639206.380542) can0 12D#A02800220C318F49
(1751639206.428089) can0 294#55005603482E05D6
(1751639206.431892) can0 12D#A02800220C319F39
(1751639206.478095) can0 294#55005603482E06D5
(1751639206.481923) can0 12D#A02800220C31AF29
(1751639206.523867) can0 434#0000080089045218
(1751639206.527706) can0 294#55005603482E07D4
(1751639206.531866) can0 12D#A02800220C31BF19
(1751639206.577894) can0 294#55005603482E08D3
(1751639206.581794) can0 12D#A02800220C31CF09
(1751639206.628992) can0 294#55005603482E09D2
(1751639206.631952) can0 12D#A02800220C31DFF9
(1751639206.680930) can0 294#55005603482E0AD1
(1751639206.683861) can0 12D#A02800220C31EFE9
(1751639206.730856) can0 294#55005603482E0BD0
(1751639206.733825) can0 12D#A02800220C31FFD9
(1751639206.780842) can0 294#55005603482E0CCF
(1751639206.783833) can0 12D#A02800220C310FC9
(1751639206.830905) can0 294#55005603482E0DCE
(1751639206.833859) can0 12D#A02800220C311FB9
(1751639206.882052) can0 294#55005603482E0ECD
(1751639206.884968) can0 12D#A02800220C312FA9
(1751639206.913103) can0 3D9#05D9DD00F0C0419E
(1751639206.933106) can0 294#55005603482E0FCC
(1751639206.936046) can0 12D#A02800220C313F99
(1751639206.983165) can0 294#55005603482E00DB
(1751639206.985662) can0 12D#A02800220C314F89
(1751639207.032907) can0 294#55005603482E01DA
(1751639207.035736) can0 12D#A02800220C315F79
(1751639207.082951) can0 294#55005603482E02D9
(1751639207.085868) can0 12D#A02800220C316F69
(1751639207.133004) can0 294#55005603482E03D8
(1751639207.135909) can0 12D#A02800220C317F59
(1751639207.158813) can0 34F#00C0FB18716DCFE0
(1751639207.183839) can0 294#55005603482E04D7
(1751639207.186961) can0 12D#A02800220C318F49
(1751639207.233906) can0 294#55005603482E05D6
(1751639207.237201) can0 12D#A02800220C319F39
(1751639207.285457) can0 294#55005603482E06D5
(1751639207.287286) can0 12D#A02800220C31AF29
(1751639207.333908) can0 294#55005603482E07D4
(1751639207.337814) can0 12D#A02800220C31BF19
(1751639207.385002) can0 294#55005603482E08D3
(1751639207.388239) can0 12D#A02800220C31CF09
(1751639207.437056) can0 294#55005603482E09D2
(1751639207.440061) can0 12D#A02800220C31DFF9
(1751639207.487111) can0 294#55005603482E0AD1
(1751639207.490088) can0 12D#A02800220C31EFE9
(1751639207.523861) can0 434#0000080089046208
(1751639207.537653) can0 294#55005603482E0BD0
(1751639207.541256) can0 12D#A02800220C31FFD9
(1751639207.587420) can0 294#55005603482E0CCF
(1751639207.592265) can0 12D#A02800220C310FC9
(1751639207.636895) can0 294#55005603482E0DCE
(1751639207.638758) can0 34F#00C0F318716DCFE0
(1751639207.640813) can0 12D#A02800220C311FB9
(1751639207.689034) can0 294#55005603482E0ECD
(1751639207.692075) can0 12D#A02800220C312FA9
(1751639207.739498) can0 34F#00C0F318716DCFE0
(1751639207.740089) can0 294#55005603482E0FCC
(1751639207.743223) can0 12D#A02800220C313F99
(1751639207.790459) can0 294#55005603482E00DB
(1751639207.794448) can0 12D#A02800220C314F89
(1751639207.839486) can0 34F#00C0F318716DCFE0
(1751639207.840110) can0 294#55005607482E01D6
(1751639207.845837) can0 12D#A02800220C315F79
(1751639207.893215) can0 294#55005607482E02D5
(1751639207.896647) can0 12D#A02800220C316F69
(1751639207.922284) can0 3D9#05D9DD00F0C041AE
(1751639207.943291) can0 294#55005607482E03D4
(1751639207.946651) can0 12D#A02800220C317F59
(1751639207.995370) can0 294#55005607482E04D3
(1751639207.998056) can0 12D#A02800220C318F49
(1751639208.047407) can0 294#55005607482E05D2
(1751639208.050131) can0 12D#A02800220C319F39
(1751639208.097574) can0 294#55005607482E06D1
(1751639208.101837) can0 12D#A02800220C31AF29
(1751639208.147974) can0 294#55005607482E07D0
(1751639208.151818) can0 12D#A02800220C31BF19
(1751639208.197823) can0 294#55005607482E08CF
(1751639208.201735) can0 12D#A02800220C31CF09
(1751639208.249636) can0 294#55005607482E09CE
(1751639208.251222) can0 12D#A02800220C31DFF9
(1751639208.299370) can0 294#55005607482E0ACD
(1751639208.302757) can0 12D#A02800220C31EFE9
(1751639208.349473) can0 294#55005607482E0BCC
(1751639208.352827) can0 12D#A02800220C31FFD9
(1751639208.399926) can0 294#55005607482E0CCB
(1751639208.402793) can0 12D#A02800220C310FC9
(1751639208.450959) can0 294#55005607482E0DCA
(1751639208.453515) can0 12D#A02800220C311FB9
(1751639208.500478) can0 294#55005607482E0EC9
(1751639208.503840) can0 12D#A02800220C312FA9
(1751639208.526529) can0 434#00000800890472F8
(1751639208.550876) can0 294#55005607482E0FC8
(1751639208.555152) can0 12D#A02800220C313F99
(1751639208.600371) can0 294#55005607482E00D7
(1751639208.604973) can0 12D#A02800220C314F89
(1751639208.650888) can0 294#55005607482E01D6
(1751639208.654971) can0 12D#A02800220C315F79
(1751639208.700878) can0 294#55005607482E02D5
(1751639208.705065) can0 12D#A02800220C316F69
(1751639208.751834) can0 294#55005607482E03D4
(1751639208.754751) can0 12D#A02800220C317F59
(1751639208.802405) can0 294#55005607482E04D3
(1751639208.805513) can0 12D#A02800220C318F49
(1751639208.839491) can0 34F#00C0F318716DCFE0
(1751639208.853884) can0 294#55005607482E05D2
(1751639208.856686) can0 12D#A02800220C319F39
(1751639208.903698) can0 294#55005607482E06D1
(1751639208.906389) can0 12D#A02800220C31AF29
(1751639208.919895) can0 3D9#05D9DD00F0C041BE
(1751639208.956685) can0 294#55005607482E07D0
(1751639208.959428) can0 12D#A02800220C31BF19
(1751639209.006363) can0 294#55005607482E08CF
(1751639209.009434) can0 12D#A02800220C31CF09
(1751639209.058418) can0 294#55005607482E09CE
(1751639209.061729) can0 12D#A02800220C31DFF9
(1751639209.108683) can0 294#55005607482E0ACD
(1751639209.111789) can0 12D#A02800220C31EFE9
(1751639209.159448) can0 294#55005607482E0BCC
(1751639209.162536) can0 12D#A02800220C31FFD9
(1751639209.209651) can0 294#55005607482E0CCB
(1751639209.212952) can0 12D#A02800220C310FC9
(1751639209.259634) can0 294#55005607482E0DCA
(1751639209.262935) can0 12D#A02800220C311FB9
(1751639209.309670) can0 294#55005607482E0EC9
(1751639209.312725) can0 12D#A02800220C312FA9
(1751639209.361668) can0 294#55005607482E0FC8
(1751639209.365134) can0 12D#A02800220C313F99
(1751639209.411861) can0 294#55005607482E00D7
(1751639209.416006) can0 12D#A02800220C314F89
(1751639209.462716) can0 294#55005607482E01D6
(1751639209.466064) can0 12D#A02800220C315F79
(1751639209.513002) can0 294#55005607482E02D5
(1751639209.516085) can0 12D#A02800220C316F69
(1751639209.528807) can0 434#00000800890482E8
(1751639209.563842) can0 294#55005607482E03D4
(1751639209.566641) can0 12D#A02800220C317F59
(1751639209.614144) can0 294#55005607482E04D3
(1751639209.617076) can0 12D#A02800220C318F49
(1751639209.665849) can0 294#55005607482E05D2
(1751639209.668709) can0 12D#A02800220C319F39
(1751639209.715869) can0 294#55005607482E06D1
(1751639209.718661) can0 12D#A02800220C31AF29
(1751639209.765870) can0 294#55005607482E07D0
(1751639209.768674) can0 12D#A02800220C31BF19
(1751639209.815903) can0 294#55005607482E08CF
(1751639209.818817) can0 12D#A02800220C31CF09
(1751639209.838971) can0 34F#00C0F318716DCFE0
(1751639209.865815) can0 294#55005607482E09CE
(1751639209.868742) can0 12D#A02800220C31DFF9
(1751639209.916642) can0 294#55005607482E0ACD
(1751639209.917448) can0 3D9#05D9DD00F0C041CE
(1751639209.919719) can0 12D#A02800220C31EFE9
(1751639209.966687) can0 294#55005607482E0BCC
(1751639209.969447) can0 12D#A02800220C31FFD9
(1751639210.016658) can0 294#55005607482E0CCB
(1751639210.019879) can0 12D#A02800220C310FC9
(1751639210.067831) can0 294#55005607482E0DCA
(1751639210.071247) can0 12D#A02800220C311FB9
(1751639210.118509) can0 294#55005607482E0EC9
(1751639210.122089) can0 12D#A02800220C312FA9
(1751639210.170108) can0 294#55005607482E0FC8
(1751639210.172958) can0 12D#A02800220C313F99
(1751639210.220318) can0 294#55005607482E00D7
(1751639210.223485) can0 12D#A02800220C314F89
(1751639210.270208) can0 294#55005607482E01D6
(1751639210.273010) can0 12D#A02800220C315F79
(1751639210.320454) can0 294#55005607482E02D5
(1751639210.323100) can0 12D#A02800220C316F69
(1751639210.372264) can0 294#55005607482E03D4
(1751639210.375268) can0 12D#A02800220C317F59
(1751639210.423201) can0 294#55005607482E04D3
(1751639210.425048) can0 12D#A02800220C318F49
(1751639210.474538) can0 294#55005607482E05D2
(1751639210.477703) can0 12D#A02800220C319F39
(1751639210.524255) can0 294#55005607482E06D1
(1751639210.527581) can0 12D#A02800220C31AF29
(1751639210.531654) can0 434#00000800890492D8
(1751639210.576124) can0 294#55005607482E07D0
(1751639210.578663) can0 12D#A02800220C31BF19
(1751639210.625215) can0 294#55005607482E08CF
(1751639210.628733) can0 12D#A02800220C31CF09
(1751639210.676214) can0 294#55005607482E09CE
(1751639210.679314) can0 12D#A02800220C31DFF9
(1751639210.726204) can0 294#55005607482E0ACD
(1751639210.729294) can0 12D#A02800220C31EFE9
(1751639210.776311) can0 294#55005607482E0BCC
(1751639210.780712) can0 12D#A02800220C31FFD9
(1751639210.827180) can0 294#55005607482E0CCB
(1751639210.830495) can0 12D#A02800220C310FC9
(1751639210.839266) can0 34F#00C0F318716DCFE0
(1751639210.878447) can0 294#55005607482E0DCA
(1751639210.882268) can0 12D#A02800220C311FB9
(1751639210.920570) can0 3D9#05D9DD00F0C041DE
(1751639210.928230) can0 294#55005607482E0EC9
(1751639210.932373) can0 12D#A02800220C312FA9
(1751639210.978279) can0 294#55005607482E0FC8
(1751639210.982387) can0 12D#A02800220C313F99
(1751639211.030335) can0 294#55005607482E00D7
(1751639211.033290) can0 12D#A02800220C314F89
(1751639211.080273) can0 294#55005607482E01D6
(1751639211.083378) can0 12D#A02800220C315F79
(1751639211.132397) can0 294#55005607482E02D5
(1751639211.135768) can0 12D#A02800220C316F69
(1751639211.182508) can0 294#55005607482E03D4
(1751639211.185312) can0 12D#A02800220C317F59
(1751639211.232849) can0 294#55005607482E04D3
(1751639211.235747) can0 12D#A02800220C318F49
(1751639211.283807) can0 294#55005607482E05D2
(1751639211.286719) can0 12D#A02800220C319F39
(1751639211.333417) can0 294#55005607482E06D1
(1751639211.337015) can0 12D#A02800220C31AF29
(1751639211.383401) can0 294#55005607482E07D0
(1751639211.386631) can0 12D#A02800220C31BF19
(1751639211.436018) can0 294#55005607482E08CF
(1751639211.438440) can0 12D#A02800220C31CF09
(1751639211.485375) can0 294#55005607482E09CE
(1751639211.488487) can0 12D#A02800220C31DFF9
(1751639211.532417) can0 434#000008008904A2C8
(1751639211.536491) can0 294#55005607482E0ACD
(1751639211.539448) can0 12D#A02800220C31EFE9
(1751639211.586625) can0 294#55005607482E0BCC
(1751639211.589476) can0 12D#A02800220C31FFD9
(1751639211.636782) can0 294#55005607482E0CCB
(1751639211.639706) can0 12D#A02800220C310FC9
(1751639211.686628) can0 294#55005607482E0DCA
(1751639211.690834) can0 12D#A02800220C311FB9
(1751639211.736605) can0 294#55005605482E0ECB
(1751639211.740689) can0 12D#A02800220C312FA9
(1751639211.786710) can0 294#55005605482E0FCA
(1751639211.790676) can0 12D#A02800220C313F99
(1751639211.840558) can0 294#55005605482E00D9
(1751639211.840685) can0 34F#00C0F318716DCFE0
(1751639211.841553) can0 12D#A02800220C314F89
(1751639211.890004) can0 294#55005605482E01D8
(1751639211.893567) can0 12D#A02800220C315F79
(1751639211.922586) can0 3D9#05D9DD00F0C041EE
(1751639211.939938) can0 294#55005605482E02D7
(1751639211.944019) can0 12D#A02800220C316F69
(1751639211.991734) can0 294#55005605482E03D6
(1751639211.994832) can0 12D#A02800220C317F59
(1751639212.041742) can0 294#55005605482E04D5
(1751639212.044787) can0 12D#A02800220C318F49
(1751639212.092757) can0 294#55005605482E05D4
(1751639212.095898) can0 12D#A02800220C319F39
(1751639212.144741) can0 294#55005605482E06D3
(1751639212.147720) can0 12D#A02800220C31AF29
(1751639212.194359) can0 294#55005605482E07D2
(1751639212.197232) can0 12D#A02800220C31BF19
(1751639212.244248) can0 294#55005605482E08D1
(1751639212.247419) can0 12D#A02800220C31CF09
(1751639212.295458) can0 294#55005605482E09D0
(1751639212.297485) can0 12D#A02800220C31DFF9
(1751639212.344849) can0 294#55005605482E0ACF
(1751639212.348029) can0 12D#A02800220C31EFE9
(1751639212.396057) can0 294#55005605482E0BCE
(1751639212.398103) can0 12D#A02800220C31FFD9
(1751639212.444763) can0 294#55005605482E0CCD
(1751639212.448298) can0 12D#A02800220C310FC9
(1751639212.496016) can0 294#55005605482E0DCC
(1751639212.498101) can0 12D#A02800220C311FB9
(1751639212.535921) can0 434#000008008904B2B8
(1751639212.546160) can0 294#55005605482E0ECB
(1751639212.550071) can0 12D#A02800220C312FA9
(1751639212.596113) can0 294#55005605482E0FCA
(1751639212.599779) can0 12D#A02800220C313F99
(1751639212.646184) can0 294#55005605482E00D9
(1751639212.650071) can0 12D#A02800220C314F89
(1751639212.697288) can0 294#55005605482E01D8
(1751639212.699805) can0 12D#A02800220C315F79
(1751639212.747183) can0 294#55005605482E02D7
(1751639212.749925) can0 12D#A02800220C316F69
(1751639212.799112) can0 294#55005605482E03D6
(1751639212.801916) can0 12D#A02800220C317F59
(1751639212.839042) can0 34F#00C0F318716DCFE0
(1751639212.849953) can0 294#55005605482E04D5
(1751639212.852868) can0 12D#A02800220C318F49
(1751639212.899867) can0 294#55005605482E05D4
(1751639212.904015) can0 12D#A02800220C319F39
(1751639212.918973) can0 3D9#05D9DD00F0C041FE
(1751639212.951213) can0 294#55005605482E06D3
(1751639212.954998) can0 12D#A02800220C31AF29
(1751639213.001148) can0 294#55005605482E07D2
(1751639213.006055) can0 12D#A02800220C31BF19
(1751639213.052066) can0 294#55005605482E08D1
(1751639213.055948) can0 12D#A02800220C31CF09
(1751639213.103271) can0 294#55005605482E09D0
(1751639213.106077) can0 12D#A02800220C31DFF9
(1751639213.153003) can0 294#55005605482E0ACF
(1751639213.156979) can0 12D#A02800220C31EFE9
(1751639213.204196) can0 294#55005605482E0BCE
(1751639213.207032) can0 12D#A02800220C31FFD9
(1751639213.255244) can0 294#55005605482E0CCD
(1751639213.259511) can0 12D#A02800220C310FC9
(1751639213.305176) can0 294#55005605482E0DCC
(1751639213.309570) can0 12D#A02800220C311FB9
(1751639213.356569) can0 294#55005605482E0ECB
(1751639213.360121) can0 12D#A02800220C312FA9
(1751639213.379196) can0 34F#00C0FB18716DCFE0
(1751639213.406206) can0 294#55005605482E0FCA
(1751639213.410729) can0 12D#A02800220C313F99
(1751639213.456433) can0 294#55005601482E00DD
(1751639213.460284) can0 12D#A02800220C314F89
(1751639213.479548) can0 34F#00C0FB18716DCFE0
(1751639213.506911) can0 294#55005601482E01DC
(1751639213.510215) can0 12D#A02800220C315F79
(1751639213.549436) can0 434#000008008904C2A8
(1751639213.556426) can0 294#55005601482E02DB
(1751639213.560285) can0 12D#A02800220C316F69
(1751639213.579058) can0 34F#00C0FB18716DCFE0
(1751639213.606572) can0 294#55005601482E03DA
(1751639213.610150) can0 12D#A02800220C317F59
(1751639213.656544) can0 294#55005601482E04D9
(1751639213.660243) can0 12D#A02800220C318F49
(1751639213.707337) can0 294#55005601482E05D8
(1751639213.710209) can0 12D#A02800220C319F39
(1751639213.758389) can0 294#55005601482E06D7
(1751639213.761295) can0 12D#A02800220C31AF29
(1751639213.808390) can0 294#55005601482E07D6
(1751639213.811811) can0 12D#A02800220C31BF19
(1751639213.858470) can0 294#55005601482E08D5
(1751639213.861322) can0 12D#A02800220C31CF09
(1751639213.908353) can0 294#55005601482E09D4
(1751639213.911292) can0 12D#A02800220C31DFF9
(1751639213.925414) can0 3D9#05D9DD00F0C0410E
(1751639213.958388) can0 294#55005601482E0AD3
(1751639213.962519) can0 12D#A02800220C31EFE9
(1751639214.010349) can0 294#55005601482E0BD2
(1751639214.013430) can0 12D#A02800220C31FFD9
(1751639214.060411) can0 294#55005601482E0CD1
(1751639214.063356) can0 12D#A02800220C310FC9
(1751639214.112492) can0 294#55005601482E0DD0
(1751639214.115391) can0 12D#A02800220C311FB9
(1751639214.162562) can0 294#55005601482E0ECF
(1751639214.166513) can0 12D#A02800220C312FA9
(1751639214.213438) can0 294#55005601482E0FCE
(1751639214.216977) can0 12D#A02800220C313F99
(1751639214.263915) can0 294#55005601482E00DD
(1751639214.266789) can0 12D#A02800220C314F89
(1751639214.313485) can0 294#55005601482E01DC
(1751639214.316637) can0 12D#A02800220C315F79
(1751639214.363505) can0 294#55005601482E02DB
(1751639214.367756) can0 12D#A02800220C316F69
(1751639214.416498) can0 294#55005601482E03DA
(1751639214.420697) can0 12D#A02800220C317F59
(1751639214.466413) can0 294#55005601482E04D9
(1751639214.470503) can0 12D#A02800220C318F49
(1751639214.516572) can0 294#55005601482E05D8
(1751639214.520501) can0 12D#A02800220C319F39
(1751639214.558384) can0 434#000008008904D298
(1751639214.566378) can0 294#55005601482E06D7
(1751639214.570500) can0 12D#A02800220C31AF29
(1751639214.578572) can0 34F#00C0FB18716DCFE0
(1751639214.616576) can0 294#55005601482E07D6
(1751639214.621883) can0 12D#A02800220C31BF19
(1751639214.666484) can0 294#55005601482E08D5
(1751639214.673396) can0 12D#A02800220C31CF09
(1751639214.717603) can0 294#55005601482E09D4
(1751639214.723549) can0 12D#A02800220C31DFF9
(1751639214.767552) can0 294#55005601482E0AD3
(1751639214.774407) can0 12D#A02800220C31EFE9
(1751639214.818581) can0 294#55005601482E0BD2
(1751639214.824650) can0 12D#A02800220C31FFD9
(1751639214.868942) can0 294#55005601482E0CD1
(1751639214.874791) can0 12D#A02800220C310FC9
(1751639214.919058) can0 294#55005601482E0DD0
(1751639214.922082) can0 3D9#05D9DD00F0C0411E
(1751639214.925949) can0 12D#A02800220C311FB9
(1751639214.970851) can0 294#55005601482E0ECF
(1751639214.975782) can0 12D#A02800220C312FA9
(1751639215.023024) can0 294#55005601482E0FCE
(1751639215.025835) can0 12D#A02800220C313F99
(1751639215.071820) can0 294#55005601482E00DD
(1751639215.075755) can0 12D#A02800220C314F89
(1751639215.123461) can0 294#55005601482E01DC
(1751639215.126805) can0 12D#A02800220C315F79
(1751639215.174888) can0 294#55005601482E02DB
(1751639215.178868) can0 12D#A02800220C316F69
(1751639215.227049) can0 294#55005601482E03DA
(1751639215.229748) can0 12D#A02800220C317F59
(1751639215.277978) can0 294#55005601482E04D9
(1751639215.282073) can0 12D#A02800220C318F49
(1751639215.328222) can0 294#55005601482E05D8
(1751639215.331809) can0 12D#A02800220C319F39
(1751639215.378022) can0 294#55005601482E06D7
(1751639215.382113) can0 12D#A02800220C31AF29
(1751639215.428205) can0 294#55005601482E07D6
(1751639215.432131) can0 12D#A02800220C31BF19
(1751639215.479174) can0 294#55005601482E08D5
(1751639215.482095) can0 12D#A02800220C31CF09
(1751639215.529223) can0 294#55005601482E09D4
(1751639215.531933) can0 12D#A02800220C31DFF9
(1751639215.559048) can0 434#000008008904E288
(1751639215.579214) can0 34F#00C0FB18716DCFE0
(1751639215.579752) can0 294#55005601482E0AD3
(1751639215.582809) can0 12D#A02800220C31EFE9
(1751639215.630038) can0 294#55005601482E0BD2
(1751639215.633039) can0 12D#A02800220C31FFD9
(1751639215.680236) can0 294#55005601482E0CD1
(1751639215.684120) can0 12D#A02800220C310FC9
(1751639215.730082) can0 294#55005601482E0DD0
(1751639215.734045) can0 12D#A02800220C311FB9
(1751639215.783202) can0 294#55005601482E0ECF
(1751639215.787372) can0 12D#A02800220C312FA9
(1751639215.834563) can0 294#55005601482E0FCE
(1751639215.837032) can0 12D#A02800220C313F99
(1751639215.883168) can0 294#55005601482E00DD
(1751639215.887135) can0 12D#A02800220C314F89
(1751639215.927178) can0 3D9#05D9DD00F0C0412E
(1751639215.933190) can0 294#55005601482E01DC
(1751639215.937119) can0 12D#A02800220C315F79
(1751639215.983042) can0 294#55005601482E02DB
(1751639215.987161) can0 12D#A02800220C316F69
(1751639216.033349) can0 294#55005601482E03DA
(1751639216.037178) can0 12D#A02800220C317F59
(1751639216.083306) can0 294#55005601482E04D9
(1751639216.087718) can0 12D#A02800220C318F49
(1751639216.133039) can0 294#55005601482E05D8
(1751639216.137114) can0 12D#A02800220C319F39
(1751639216.183298) can0 294#55005601482E06D7
(1751639216.187522) can0 12D#A02800220C31AF29
(1751639216.233499) can0 294#55005601482E07D6
(1751639216.237424) can0 12D#A02800220C31BF19
(1751639216.285638) can0 294#55005601482E08D5
(1751639216.288856) can0 12D#A02800220C31CF09
(1751639216.336168) can0 294#55005601482E09D4
(1751639216.339211) can0 12D#A02800220C31DFF9
(1751639216.385236) can0 294#55005601482E0AD3
(1751639216.389488) can0 12D#A02800220C31EFE9
(1751639216.436711) can0 294#55005601482E0BD2
(1751639216.439652) can0 12D#A02800220C31FFD9
(1751639216.485294) can0 294#55005601482E0CD1
(1751639216.489214) can0 12D#A02800220C310FC9
(1751639216.535843) can0 294#55005601482E0DD0
(1751639216.541350) can0 12D#A02800220C311FB9
(1751639216.559226) can0 434#000008008904F278
(1751639216.579756) can0 34F#00C0FB18716DCFE0
(1751639216.585088) can0 294#55005601482E0ECF
(1751639216.591411) can0 12D#A02800220C312FA9
(1751639216.636056) can0 294#55005601482E0FCE
(1751639216.641614) can0 12D#A02800220C313F99
(1751639216.685894) can0 294#55005601482E00DD
(1751639216.691394) can0 12D#A02800220C314F89
(1751639216.735852) can0 294#55005601482E01DC
(1751639216.741386) can0 12D#A02800220C315F79
(1751639216.786164) can0 294#55005601482E02DB
(1751639216.794929) can0 12D#A02800220C316F69
(1751639216.837465) can0 294#55005601482E03DA
(1751639216.843318) can0 12D#A02800220C317F59
(1751639216.888355) can0 294#55005601482E04D9
(1751639216.894341) can0 12D#A02800220C318F49
(1751639216.931998) can0 3D9#05D9DD00F0C0413E
(1751639216.939001) can0 294#55005601482E05D8
(1751639216.944954) can0 12D#A02800220C319F39
(1751639216.989016) can0 294#55005601482E06D7
(1751639216.995987) can0 12D#A02800220C31AF29
(1751639217.039046) can0 294#55005601482E07D6
(1751639217.045871) can0 12D#A02800220C31BF19
(1751639217.088912) can0 294#55005601482E08D5
(1751639217.097983) can0 12D#A02800220C31CF09
(1751639217.129388) can0 34F#00C0F318716DCFE0
(1751639217.140376) can0 294#55005601482E09D4
(1751639217.148775) can0 12D#A02800220C31DFF9
(1751639217.190483) can0 294#55005601482E0AD3
(1751639217.200014) can0 12D#A02800220C31EFE9
(1751639217.229558) can0 34F#00C0F318716DCFE0
(1751639217.241657) can0 294#55005601482E0BD2
(1751639217.248728) can0 12D#A02800220C31FFD9
(1751639217.291929) can0 294#55005605482E0CCD
(1751639217.298617) can0 12D#A02800220C310FC9
(1751639217.330060) can0 34F#00C0F318716DCFE0
(1751639217.342510) can0 294#55005605482E0DCC
(1751639217.349797) can0 12D#A02800220C311FB9
(1751639217.392869) can0 294#55005605482E0ECB
(1751639217.399896) can0 12D#A02800220C312FA9
(1751639217.444672) can0 294#55005605482E0FCA
(1751639217.450663) can0 12D#A02800220C313F99
(1751639217.494601) can0 294#55005605482E00D9
(1751639217.501164) can0 12D#A02800220C314F89
(1751639217.547939) can0 294#55005605482E01D8
(1751639217.551595) can0 12D#A02800220C315F79
(1751639217.560671) can0 434#0000080089040268
(1751639217.600071) can0 294#55005605482E02D7
(1751639217.602759) can0 12D#A02800220C316F69
(1751639217.648841) can0 294#55005605482E03D6
(1751639217.652681) can0 12D#A02800220C317F59
(1751639217.700068) can0 294#55005605482E04D5
(1751639217.705261) can0 12D#A02800220C318F49
(1751639217.752916) can0 294#55005605482E05D4
(1751639217.755732) can0 12D#A02800220C319F39
(1751639217.803874) can0 294#55005605482E06D3
(1751639217.806634) can0 12D#A02800220C31AF29
(1751639217.853752) can0 294#55005605482E07D2
(1751639217.856599) can0 12D#A02800220C31BF19
(1751639217.904817) can0 294#55005605482E08D1
(1751639217.908718) can0 12D#A02800220C31CF09
(1751639217.921877) can0 3D9#05D9DD00F0C0414E
(1751639217.955285) can0 294#55005605482E09D0
(1751639217.958852) can0 12D#A02800220C31DFF9
(1751639218.005143) can0 294#55005605482E0ACF
(1751639218.009034) can0 12D#A02800220C31EFE9
(1751639218.054783) can0 294#55005605482E0BCE
(1751639218.058687) can0 12D#A02800220C31FFD9
(1751639218.105022) can0 294#55005605482E0CCD
(1751639218.108899) can0 12D#A02800220C310FC9
(1751639218.155063) can0 294#55005605482E0DCC
(1751639218.158754) can0 12D#A02800220C311FB9
(1751639218.205103) can0 294#55005605482E0ECB
(1751639218.208827) can0 12D#A02800220C312FA9
(1751639218.255075) can0 294#55005605482E0FCA
(1751639218.259093) can0 12D#A02800220C313F99
(1751639218.304913) can0 294#55005605482E00D9
(1751639218.308779) can0 12D#A02800220C314F89
(1751639218.328907) can0 34F#00C0F318716DCFE0
(1751639218.356223) can0 294#55005605482E01D8
(1751639218.358915) can0 12D#A02800220C315F79
(1751639218.405988) can0 294#55005605482E02D7
(1751639218.409751) can0 12D#A02800220C316F69
(1751639218.456320) can0 294#55005605482E03D6
(1751639218.461934) can0 12D#A02800220C317F59
(1751639218.506077) can0 294#55005605482E04D5
(1751639218.511893) can0 12D#A02800220C318F49
(1751639218.558972) can0 294#55005605482E05D4
(1751639218.561884) can0 434#0000080089041258
(1751639218.562873) can0 12D#A02800220C319F39
(1751639218.608970) can0 294#55005605482E06D3
(1751639218.614069) can0 12D#A02800220C31AF29
(1751639218.659064) can0 294#55005605482E07D2
(1751639218.664047) can0 12D#A02800220C31BF19
(1751639218.709195) can0 294#55005605482E08D1
(1751639218.714614) can0 12D#A02800220C31CF09
(1751639218.759288) can0 294#55005605482E09D0
(1751639218.764186) can0 12D#A02800220C31DFF9
(1751639218.809112) can0 294#55005605482E0ACF
(1751639218.814553) can0 12D#A02800220C31EFE9
(1751639218.859478) can0 294#55005605482E0BCE
(1751639218.865128) can0 12D#A02800220C31FFD9
(1751639218.909157) can0 294#55005605482E0CCD
(1751639218.915300) can0 12D#A02800220C310FC9
(1751639218.925342) can0 3D9#05D9DD00F0C0415E
(1751639218.959205) can0 294#55005605482E0DCC
(1751639218.965657) can0 12D#A02800220C311FB9
(1751639219.009290) can0 294#55005605482E0ECB
(1751639219.015368) can0 12D#A02800220C312FA9
(1751639219.059358) can0 294#55005605482E0FCA
(1751639219.065049) can0 12D#A02800220C313F99
(1751639219.109282) can0 294#55005605482E00D9
(1751639219.115223) can0 12D#A02800220C314F89
(1751639219.159223) can0 294#55005605482E01D8
(1751639219.165260) can0 12D#A02800220C315F79
(1751639219.208765) can0 294#55005605482E02D7
(1751639219.216789) can0 12D#A02800220C316F69
(1751639219.259786) can0 294#55005605482E03D6
(1751639219.266948) can0 12D#A02800220C317F59
(1751639219.309996) can0 294#55005605482E04D5
(1751639219.316932) can0 12D#A02800220C318F49
(1751639219.328981) can0 34F#00C0F318716DCFE0
(1751639219.360850) can0 294#55005605482E05D4
(1751639219.367089) can0 12D#A02800220C319F39
(1751639219.411819) can0 294#55005605482E06D3
(1751639219.417098) can0 12D#A02800220C31AF29
(1751639219.462177) can0 294#55005605482E07D2
(1751639219.467342) can0 12D#A02800220C31BF19
(1751639219.512332) can0 294#55005605482E08D1
(1751639219.517642) can0 12D#A02800220C31CF09
(1751639219.562373) can0 294#55005605482E09D0
(1751639219.565482) can0 434#0000080089042248
(1751639219.569232) can0 12D#A02800220C31DFF9
(1751639219.612589) can0 294#55005605482E0ACF
(1751639219.619436) can0 12D#A02800220C31EFE9
(1751639219.662455) can0 294#55005605482E0BCE
(1751639219.669267) can0 12D#A02800220C31FFD9
(1751639219.712920) can0 294#55005605482E0CCD
(1751639219.720402) can0 12D#A02800220C310FC9
(1751639219.762920) can0 294#55005605482E0DCC
(1751639219.770342) can0 12D#A02800220C311FB9
(1751639219.812544) can0 294#55005605482E0ECB
(1751639219.820406) can0 12D#A02800220C312FA9
(1751639219.862530) can0 294#55005605482E0FCA
(1751639219.870532) can0 12D#A02800220C313F99
(1751639219.913060) can0 294#55005605482E00D9
(1751639219.920981) can0 12D#A02800220C314F89
(1751639219.935637) can0 3D9#05D9DD00F0C0416E
(1751639219.963579) can0 294#55005605482E01D8
(1751639219.970619) can0 12D#A02800220C315F79
(1751639219.989389) can0 34F#00C0F718716DCFE0
(1751639220.013567) can0 294#55005605482E02D7
(1751639220.022450) can0 12D#A02800220C316F69
(1751639220.064494) can0 294#55005607482E03D4
(1751639220.072395) can0 12D#A02800220C317F59
(1751639220.089483) can0 34F#00C0F718716DCFE0
(1751639220.114567) can0 294#55005607482E04D3
(1751639220.122604) can0 12D#A02800220C318F49
(1751639220.165696) can0 294#55005607482E05D2
(1751639220.172618) can0 12D#A02800220C319F39
(1751639220.189442) can0 34F#00C0F718716DCFE0
(1751639220.217887) can0 294#55005607482E06D1
(1751639220.222553) can0 12D#A02800220C31AF29
(1751639220.268955) can0 294#55005607482E07D0
(1751639220.273962) can0 12D#A02800220C31BF19
(1751639220.319712) can0 294#55005607482E08CF
(1751639220.325969) can0 12D#A02800220C31CF09
(1751639220.369620) can0 294#55005607482E09CE
(1751639220.376959) can0 12D#A02800220C31DFF9
(1751639220.419870) can0 294#55005607482E0ACD
(1751639220.427021) can0 12D#A02800220C31EFE9
(1751639220.469752) can0 294#55005607482E0BCC
(1751639220.478528) can0 12D#A02800220C31FFD9
(1751639220.519951) can0 294#55005607482E0CCB
(1751639220.528972) can0 12D#A02800220C310FC9
(1751639220.567121) can0 434#0000080089043238
(1751639220.571817) can0 294#55005607482E0DCA
(1751639220.580111) can0 12D#A02800220C311FB9
(1751639220.621804) can0 294#55005607482E0EC9
(1751639220.630812) can0 12D#A02800220C312FA9
(1751639220.672706) can0 294#55005607482E0FC8
(1751639220.682858) can0 12D#A02800220C313F99
(1751639220.722657) can0 294#55005607482E00D7
(1751639220.733073) can0 12D#A02800220C314F89
(1751639220.772688) can0 294#55005607482E01D6
(1751639220.782898) can0 12D#A02800220C315F79
(1751639220.822653) can0 294#55005607482E02D5
(1751639220.832906) can0 12D#A02800220C316F69
(1751639220.874769) can0 294#55005607482E03D4
(1751639220.884032) can0 12D#A02800220C317F59
(1751639220.925958) can0 294#55005607482E04D3
(1751639220.928836) can0 3D9#05D9DD00F0C0417E
(1751639220.935153) can0 12D#A02800220C318F49
(1751639220.976956) can0 294#55005607482E05D2
(1751639220.984850) can0 12D#A02800220C319F39
(1751639221.027167) can0 294#55005607482E06D1
(1751639221.035489) can0 12D#A02800220C31AF29
(1751639221.077990) can0 294#55005607482E07D0
(1751639221.086814) can0 12D#A02800220C31BF19
(1751639221.128932) can0 294#55005607482E08CF
(1751639221.137198) can0 12D#A02800220C31CF09
(1751639221.184300) can0 294#55005607482E09CE
(1751639221.187884) can0 12D#A02800220C31DFF9
(1751639221.188881) can0 34F#00C0F718716DCFE0
(1751639221.234012) can0 294#55005607482E0ACD
(1751639221.237985) can0 12D#A02800220C31EFE9
(1751639221.284153) can0 294#55005607482E0BCC
(1751639221.288062) can0 12D#A02800220C31FFD9
(1751639221.334022) can0 294#55005607482E0CCB
(1751639221.339008) can0 12D#A02800220C310FC9
(1751639221.384184) can0 294#55005607482E0DCA
(1751639221.390000) can0 12D#A02800220C311FB9
(1751639221.434035) can0 294#55005607482E0EC9
(1751639221.441031) can0 12D#A02800220C312FA9
(1751639221.483966) can0 294#55005607482E0FC8
(1751639221.491002) can0 12D#A02800220C313F99
(1751639221.533824) can0 294#55005607482E00D7
(1751639221.540691) can0 12D#A02800220C314F89
(1751639221.566735) can0 434#0000080089044228
(1751639221.583784) can0 294#55005607482E01D6
(1751639221.591687) can0 12D#A02800220C315F79
(1751639221.634784) can0 294#55005607482E02D5
(1751639221.641656) can0 12D#A02800220C316F69
(1751639221.685768) can0 294#55005607482E03D4
(1751639221.693599) can0 12D#A02800220C317F59
(1751639221.735519) can0 294#55005607482E04D3
(1751639221.743757) can0 12D#A02800220C318F49
(1751639221.790065) can0 294#55005607482E05D2
(1751639221.795199) can0 12D#A02800220C319F39
(1751639221.844343) can0 294#55005607482E06D1
(1751639221.847361) can0 12D#A02800220C31AF29
(1751639221.894436) can0 294#55005607482E07D0
(1751639221.898461) can0 12D#A02800220C31BF19
(1751639221.934534) can0 3D9#05D9DD00F0C0418E
(1751639221.944333) can0 294#55005607482E08CF
(1751639221.948748) can0 12D#A02800220C31CF09
(1751639221.995706) can0 294#55005607482E09CE
(1751639221.998649) can0 12D#A02800220C31DFF9
(1751639222.045368) can0 294#55005607482E0ACD
(1751639222.048381) can0 12D#A02800220C31EFE9
(1751639222.097338) can0 294#55005607482E0BCC
(1751639222.100021) can0 12D#A02800220C31FFD9
(1751639222.147382) can0 294#55005607482E0CCB
(1751639222.150162) can0 12D#A02800220C310FC9
(1751639222.189295) can0 34F#00C0F718716DCFE0
(1751639222.197701) can0 294#55005607482E0DCA
(1751639222.201744) can0 12D#A02800220C311FB9
(1751639222.247359) can0 294#55005607482E0EC9
(1751639222.252531) can0 12D#A02800220C312FA9
(1751639222.300318) can0 294#55005607482E0FC8
(1751639222.303447) can0 12D#A02800220C313F99
(1751639222.350237) can0 294#55005607482E00D7
(1751639222.353299) can0 12D#A02800220C314F89
(1751639222.400767) can0 294#55005607482E01D6
(1751639222.403637) can0 12D#A02800220C315F79
(1751639222.450416) can0 294#55005607482E02D5
(1751639222.453516) can0 12D#A02800220C316F69
(1751639222.500484) can0 294#55005607482E03D4
(1751639222.503530) can0 12D#A02800220C317F59
(1751639222.550438) can0 294#55005607482E04D3
(1751639222.553542) can0 12D#A02800220C318F49
(1751639222.567695) can0 434#0000080089045218
(1751639222.600493) can0 294#55005607482E05D2
(1751639222.603513) can0 12D#A02800220C319F39
(1751639222.650719) can0 294#55005607482E06D1
(1751639222.654512) can0 12D#A02800220C31AF29
(1751639222.711056) can0 294#55005607482E07D0
(1751639222.711195) can0 12D#A02800220C31BF19
(1751639222.752687) can0 294#55005607482E08CF
(1751639222.755399) can0 12D#A02800220C31CF09
(1751639222.804444) can0 294#55005607482E09CE
(1751639222.808334) can0 12D#A02800220C31DFF9
(1751639222.854587) can0 294#55005607482E0ACD
(1751639222.860393) can0 12D#A02800220C31EFE9
(1751639222.904513) can0 294#55005607482E0BCC
(1751639222.910870) can0 12D#A02800220C31FFD9
(1751639222.941625) can0 3D9#05D9DD00F0C0419E
(1751639222.955607) can0 294#55005607482E0CCB
(1751639222.962775) can0 12D#A02800220C310FC9
(1751639223.005544) can0 294#55005607482E0DCA
(1751639223.013143) can0 12D#A02800220C311FB9
(1751639223.057634) can0 294#55005607482E0EC9
(1751639223.065594) can0 12D#A02800220C312FA9
(1751639223.107687) can0 294#55005607482E0FC8
(1751639223.116719) can0 12D#A02800220C313F99
(1751639223.158808) can0 294#55005607482E00D7
(1751639223.166820) can0 12D#A02800220C314F89
(1751639223.188497) can0 34F#00C0F718716DCFE0
(1751639223.207999) can0 294#55005607482E01D6
(1751639223.216830) can0 12D#A02800220C315F79
(1751639223.258730) can0 294#55005607482E02D5
(1751639223.266798) can0 12D#A02800220C316F69
(1751639223.308533) can0 294#55005607482E03D4
(1751639223.318329) can0 12D#A02800220C317F59
(1751639223.359920) can0 294#55005607482E04D3
(1751639223.369011) can0 12D#A02800220C318F49
(1751639223.409813) can0 294#55005607482E05D2
(1751639223.418899) can0 12D#A02800220C319F39
(1751639223.459813) can0 294#55005607482E06D1
(1751639223.468623) can0 12D#A02800220C31AF29
(1751639223.510132) can0 294#55005607482E07D0
(1751639223.518774) can0 12D#A02800220C31BF19
(1751639223.559892) can0 294#55005607482E08CF
(1751639223.569045) can0 434#0000080089046208
(1751639223.569630) can0 12D#A02800220C31CF09
(1751639223.609629) can0 294#55005607482E09CE
(1751639223.619742) can0 12D#A02800220C31DFF9
(1751639223.659826) can0 294#55005607482E0ACD
(1751639223.671066) can0 12D#A02800220C31EFE9
(1751639223.710967) can0 294#55005607482E0BCC
(1751639223.721147) can0 12D#A02800220C31FFD9
(1751639223.760713) can0 294#55005607482E0CCB
(1751639223.771968) can0 12D#A02800220C310FC9
(1751639223.811006) can0 294#55005607482E0DCA
(1751639223.823072) can0 12D#A02800220C311FB9
(1751639223.860746) can0 294#55005607482E0EC9
(1751639223.873026) can0 12D#A02800220C312FA9
(1751639223.910760) can0 294#55005607482E0FC8
(1751639223.922548) can0 12D#A02800220C313F99
(1751639223.932490) can0 3D9#05D9DD00F0C041AE
(1751639223.960493) can0 294#55005607482E00D7
(1751639223.972406) can0 12D#A02800220C314F89
(1751639224.010485) can0 294#55005607482E01D6
(1751639224.023553) can0 12D#A02800220C315F79
(1751639224.060826) can0 294#55005607482E02D5
(1751639224.074661) can0 12D#A02800220C316F69
(1751639224.110978) can0 294#55005607482E03D4
(1751639224.123847) can0 12D#A02800220C317F59
(1751639224.161029) can0 294#55005607482E04D3
(1751639224.173879) can0 12D#A02800220C318F49
(1751639224.189099) can0 34F#00C0F718716DCFE0
(1751639224.211128) can0 294#55005607482E05D2
(1751639224.226045) can0 12D#A02800220C319F39
(1751639224.261215) can0 294#55005607482E06D1
(1751639224.275367) can0 12D#A02800220C31AF29
(1751639224.312103) can0 294#55005607482E07D0
(1751639224.325473) can0 12D#A02800220C31BF19
(1751639224.362221) can0 294#55005607482E08CF
(1751639224.376213) can0 12D#A02800220C31CF09
(1751639224.412080) can0 294#55005607482E09CE
(1751639224.426191) can0 12D#A02800220C31DFF9
(1751639224.462083) can0 294#55005607482E0ACD
(1751639224.477156) can0 12D#A02800220C31EFE9
(1751639224.513129) can0 294#55005607482E0BCC
(1751639224.527397) can0 12D#A02800220C31FFD9
(1751639224.563325) can0 294#55005607482E0CCB
(1751639224.569960) can0 434#00000800890472F8
(1751639224.578289) can0 12D#A02800220C310FC9
(1751639224.613264) can0 294#55005607482E0DCA
(1751639224.629156) can0 12D#A02800220C311FB9
(1751639224.664252) can0 294#55005607482E0EC9
(1751639224.679645) can0 12D#A02800220C312FA9
(1751639224.714536) can0 294#55005607482E0FC8
(1751639224.729409) can0 12D#A02800220C313F99
(1751639224.764562) can0 294#55005607482E00D7
(1751639224.779429) can0 12D#A02800220C314F89
(1751639224.816906) can0 294#55005607482E01D6
(1751639224.830279) can0 12D#A02800220C315F79
(1751639224.868326) can0 294#55005607482E02D5
(1751639224.881280) can0 12D#A02800220C316F69
(1751639224.918313) can0 294#55005607482E03D4
(1751639224.931375) can0 12D#A02800220C317F59
(1751639224.943614) can0 3D9#05D9DD00F0C041BE
(1751639224.969233) can0 294#55005607482E04D3
(1751639224.982486) can0 12D#A02800220C318F49
(1751639225.019320) can0 294#55005607482E05D2
(1751639225.033274) can0 12D#A02800220C319F39
(1751639225.071327) can0 294#55005607482E06D1
(1751639225.083460) can0 12D#A02800220C31AF29
(1751639225.130635) can0 294#55005607482E07D0
(1751639225.133524) can0 12D#A02800220C31BF19
